app/build/intermediates/manifest_merge_blame_file/debug/processDebugMainManifest/manifest-merger-blame-debug-report.txt
1<?xml version="1.0" encoding="utf-8"?>
2<manifest xmlns:android="http://schemas.android.com/apk/res/android"
3    package="com.aipay.listener"
4    android:versionCode="1"
5    android:versionName="1.0.0" >
6
7    <uses-sdk
8        android:minSdkVersion="26"
9        android:targetSdkVersion="34" />
10
11    <uses-permission android:name="android.permission.INTERNET" />
11-->src\main\AndroidManifest.xml:4:5-67
11-->src\main\AndroidManifest.xml:4:22-64
12    <uses-permission android:name="android.permission.ACCESS_NETWORK_STATE" />
12-->src\main\AndroidManifest.xml:5:5-79
12-->src\main\AndroidManifest.xml:5:22-76
13    <uses-permission android:name="android.permission.FOREGROUND_SERVICE" />
13-->src\main\AndroidManifest.xml:6:5-77
13-->src\main\AndroidManifest.xml:6:22-74
14    <uses-permission android:name="android.permission.FOREGROUND_SERVICE_DATA_SYNC" />
14-->src\main\AndroidManifest.xml:7:5-87
14-->src\main\AndroidManifest.xml:7:22-84
15    <uses-permission android:name="android.permission.POST_NOTIFICATIONS" />
15-->src\main\AndroidManifest.xml:8:5-77
15-->src\main\AndroidManifest.xml:8:22-74
16    <uses-permission android:name="android.permission.REQUEST_IGNORE_BATTERY_OPTIMIZATIONS" />
16-->src\main\AndroidManifest.xml:9:5-95
16-->src\main\AndroidManifest.xml:9:22-92
17    <uses-permission android:name="android.permission.RECEIVE_BOOT_COMPLETED" />
17-->src\main\AndroidManifest.xml:10:5-81
17-->src\main\AndroidManifest.xml:10:22-78
18    <uses-permission android:name="android.permission.WAKE_LOCK" />
18-->[androidx.work:work-runtime:2.9.1] AndroidManifest.xml:23:5-68
18-->[androidx.work:work-runtime:2.9.1] AndroidManifest.xml:23:22-65
19
20    <permission
20-->[androidx.core:core:1.13.1] AndroidManifest.xml:22:5-24:47
21        android:name="com.aipay.listener.DYNAMIC_RECEIVER_NOT_EXPORTED_PERMISSION"
21-->[androidx.core:core:1.13.1] AndroidManifest.xml:23:9-81
22        android:protectionLevel="signature" />
22-->[androidx.core:core:1.13.1] AndroidManifest.xml:24:9-44
23
24    <uses-permission android:name="com.aipay.listener.DYNAMIC_RECEIVER_NOT_EXPORTED_PERMISSION" />
24-->[androidx.core:core:1.13.1] AndroidManifest.xml:26:5-97
24-->[androidx.core:core:1.13.1] AndroidManifest.xml:26:22-94
25    <uses-permission android:name="android.permission.CAMERA" /> <!-- Don't require camera, as this requires a rear camera. This allows it to work on the Nexus 7 -->
25-->[com.journeyapps:zxing-android-embedded:4.3.0] AndroidManifest.xml:22:5-65
25-->[com.journeyapps:zxing-android-embedded:4.3.0] AndroidManifest.xml:22:22-62
26    <uses-feature
26-->[com.journeyapps:zxing-android-embedded:4.3.0] AndroidManifest.xml:25:5-27:36
27        android:name="android.hardware.camera"
27-->[com.journeyapps:zxing-android-embedded:4.3.0] AndroidManifest.xml:26:9-47
28        android:required="false" />
28-->[com.journeyapps:zxing-android-embedded:4.3.0] AndroidManifest.xml:27:9-33
29    <uses-feature
29-->[com.journeyapps:zxing-android-embedded:4.3.0] AndroidManifest.xml:28:5-30:36
30        android:name="android.hardware.camera.front"
30-->[com.journeyapps:zxing-android-embedded:4.3.0] AndroidManifest.xml:29:9-53
31        android:required="false" /> <!-- TODO replace above two with next line after Android 4.2 -->
31-->[com.journeyapps:zxing-android-embedded:4.3.0] AndroidManifest.xml:30:9-33
32    <!-- <uses-feature android:name="android.hardware.camera.any"/> -->
33    <uses-feature
33-->[com.journeyapps:zxing-android-embedded:4.3.0] AndroidManifest.xml:33:5-35:36
34        android:name="android.hardware.camera.autofocus"
34-->[com.journeyapps:zxing-android-embedded:4.3.0] AndroidManifest.xml:34:9-57
35        android:required="false" />
35-->[com.journeyapps:zxing-android-embedded:4.3.0] AndroidManifest.xml:35:9-33
36    <uses-feature
36-->[com.journeyapps:zxing-android-embedded:4.3.0] AndroidManifest.xml:36:5-38:36
37        android:name="android.hardware.camera.flash"
37-->[com.journeyapps:zxing-android-embedded:4.3.0] AndroidManifest.xml:37:9-53
38        android:required="false" />
38-->[com.journeyapps:zxing-android-embedded:4.3.0] AndroidManifest.xml:38:9-33
39    <uses-feature
39-->[com.journeyapps:zxing-android-embedded:4.3.0] AndroidManifest.xml:39:5-41:36
40        android:name="android.hardware.screen.landscape"
40-->[com.journeyapps:zxing-android-embedded:4.3.0] AndroidManifest.xml:40:9-57
41        android:required="false" />
41-->[com.journeyapps:zxing-android-embedded:4.3.0] AndroidManifest.xml:41:9-33
42    <uses-feature
42-->[com.journeyapps:zxing-android-embedded:4.3.0] AndroidManifest.xml:42:5-44:36
43        android:name="android.hardware.wifi"
43-->[com.journeyapps:zxing-android-embedded:4.3.0] AndroidManifest.xml:43:9-45
44        android:required="false" />
44-->[com.journeyapps:zxing-android-embedded:4.3.0] AndroidManifest.xml:44:9-33
45
46    <application
46-->src\main\AndroidManifest.xml:12:5-55:19
47        android:name="com.aipay.listener.AiPayApp"
47-->src\main\AndroidManifest.xml:13:9-33
48        android:allowBackup="true"
48-->src\main\AndroidManifest.xml:14:9-35
49        android:appComponentFactory="androidx.core.app.CoreComponentFactory"
49-->[androidx.core:core:1.13.1] AndroidManifest.xml:28:18-86
50        android:debuggable="true"
51        android:extractNativeLibs="false"
52        android:icon="@drawable/ic_launcher"
52-->src\main\AndroidManifest.xml:15:9-45
53        android:label="AiPay转发器"
53-->src\main\AndroidManifest.xml:16:9-33
54        android:roundIcon="@drawable/ic_launcher"
54-->src\main\AndroidManifest.xml:17:9-50
55        android:supportsRtl="true"
55-->src\main\AndroidManifest.xml:18:9-35
56        android:theme="@style/Theme.AiPayListener" >
56-->src\main\AndroidManifest.xml:19:9-51
57        <activity
57-->src\main\AndroidManifest.xml:21:9-29:20
58            android:name="com.aipay.listener.MainActivity"
58-->src\main\AndroidManifest.xml:22:13-41
59            android:exported="true"
59-->src\main\AndroidManifest.xml:23:13-36
60            android:theme="@style/Theme.AiPayListener" >
60-->src\main\AndroidManifest.xml:24:13-55
61            <intent-filter>
61-->src\main\AndroidManifest.xml:25:13-28:29
62                <action android:name="android.intent.action.MAIN" />
62-->src\main\AndroidManifest.xml:26:17-69
62-->src\main\AndroidManifest.xml:26:25-66
63
64                <category android:name="android.intent.category.LAUNCHER" />
64-->src\main\AndroidManifest.xml:27:17-77
64-->src\main\AndroidManifest.xml:27:27-74
65            </intent-filter>
66        </activity>
67
68        <service
68-->src\main\AndroidManifest.xml:31:9-34:56
69            android:name="com.aipay.listener.service.KeepAliveService"
69-->src\main\AndroidManifest.xml:32:13-53
70            android:exported="false"
70-->src\main\AndroidManifest.xml:33:13-37
71            android:foregroundServiceType="dataSync" />
71-->src\main\AndroidManifest.xml:34:13-53
72        <service
72-->src\main\AndroidManifest.xml:36:9-44:19
73            android:name="com.aipay.listener.service.PayNotificationListener"
73-->src\main\AndroidManifest.xml:37:13-60
74            android:exported="true"
74-->src\main\AndroidManifest.xml:38:13-36
75            android:label="AiPay转发器"
75-->src\main\AndroidManifest.xml:39:13-37
76            android:permission="android.permission.BIND_NOTIFICATION_LISTENER_SERVICE" >
76-->src\main\AndroidManifest.xml:40:13-87
77            <intent-filter>
77-->src\main\AndroidManifest.xml:41:13-43:29
78                <action android:name="android.service.notification.NotificationListenerService" />
78-->src\main\AndroidManifest.xml:42:17-99
78-->src\main\AndroidManifest.xml:42:25-96
79            </intent-filter>
80        </service>
81
82        <receiver
82-->src\main\AndroidManifest.xml:46:9-53:20
83            android:name="com.aipay.listener.service.BootReceiver"
83-->src\main\AndroidManifest.xml:47:13-49
84            android:enabled="true"
84-->src\main\AndroidManifest.xml:48:13-35
85            android:exported="false" >
85-->src\main\AndroidManifest.xml:49:13-37
86            <intent-filter>
86-->src\main\AndroidManifest.xml:50:13-52:29
87                <action android:name="android.intent.action.BOOT_COMPLETED" />
87-->src\main\AndroidManifest.xml:51:17-79
87-->src\main\AndroidManifest.xml:51:25-76
88            </intent-filter>
89        </receiver>
90
91        <provider
91-->[androidx.work:work-runtime:2.9.1] AndroidManifest.xml:29:9-37:20
92            android:name="androidx.startup.InitializationProvider"
92-->[androidx.work:work-runtime:2.9.1] AndroidManifest.xml:30:13-67
93            android:authorities="com.aipay.listener.androidx-startup"
93-->[androidx.work:work-runtime:2.9.1] AndroidManifest.xml:31:13-68
94            android:exported="false" >
94-->[androidx.work:work-runtime:2.9.1] AndroidManifest.xml:32:13-37
95            <meta-data
95-->[androidx.work:work-runtime:2.9.1] AndroidManifest.xml:34:13-36:52
96                android:name="androidx.work.WorkManagerInitializer"
96-->[androidx.work:work-runtime:2.9.1] AndroidManifest.xml:35:17-68
97                android:value="androidx.startup" />
97-->[androidx.work:work-runtime:2.9.1] AndroidManifest.xml:36:17-49
98            <meta-data
98-->[androidx.emoji2:emoji2:1.3.0] AndroidManifest.xml:29:13-31:52
99                android:name="androidx.emoji2.text.EmojiCompatInitializer"
99-->[androidx.emoji2:emoji2:1.3.0] AndroidManifest.xml:30:17-75
100                android:value="androidx.startup" />
100-->[androidx.emoji2:emoji2:1.3.0] AndroidManifest.xml:31:17-49
101            <meta-data
101-->[androidx.lifecycle:lifecycle-process:2.8.6] AndroidManifest.xml:29:13-31:52
102                android:name="androidx.lifecycle.ProcessLifecycleInitializer"
102-->[androidx.lifecycle:lifecycle-process:2.8.6] AndroidManifest.xml:30:17-78
103                android:value="androidx.startup" />
103-->[androidx.lifecycle:lifecycle-process:2.8.6] AndroidManifest.xml:31:17-49
104            <meta-data
104-->[androidx.profileinstaller:profileinstaller:1.3.1] AndroidManifest.xml:29:13-31:52
105                android:name="androidx.profileinstaller.ProfileInstallerInitializer"
105-->[androidx.profileinstaller:profileinstaller:1.3.1] AndroidManifest.xml:30:17-85
106                android:value="androidx.startup" />
106-->[androidx.profileinstaller:profileinstaller:1.3.1] AndroidManifest.xml:31:17-49
107        </provider>
108
109        <service
109-->[androidx.work:work-runtime:2.9.1] AndroidManifest.xml:39:9-45:35
110            android:name="androidx.work.impl.background.systemalarm.SystemAlarmService"
110-->[androidx.work:work-runtime:2.9.1] AndroidManifest.xml:40:13-88
111            android:directBootAware="false"
111-->[androidx.work:work-runtime:2.9.1] AndroidManifest.xml:41:13-44
112            android:enabled="@bool/enable_system_alarm_service_default"
112-->[androidx.work:work-runtime:2.9.1] AndroidManifest.xml:42:13-72
113            android:exported="false" />
113-->[androidx.work:work-runtime:2.9.1] AndroidManifest.xml:43:13-37
114        <service
114-->[androidx.work:work-runtime:2.9.1] AndroidManifest.xml:46:9-52:35
115            android:name="androidx.work.impl.background.systemjob.SystemJobService"
115-->[androidx.work:work-runtime:2.9.1] AndroidManifest.xml:47:13-84
116            android:directBootAware="false"
116-->[androidx.work:work-runtime:2.9.1] AndroidManifest.xml:48:13-44
117            android:enabled="@bool/enable_system_job_service_default"
117-->[androidx.work:work-runtime:2.9.1] AndroidManifest.xml:49:13-70
118            android:exported="true"
118-->[androidx.work:work-runtime:2.9.1] AndroidManifest.xml:50:13-36
119            android:permission="android.permission.BIND_JOB_SERVICE" />
119-->[androidx.work:work-runtime:2.9.1] AndroidManifest.xml:51:13-69
120        <service
120-->[androidx.work:work-runtime:2.9.1] AndroidManifest.xml:53:9-59:35
121            android:name="androidx.work.impl.foreground.SystemForegroundService"
121-->[androidx.work:work-runtime:2.9.1] AndroidManifest.xml:54:13-81
122            android:directBootAware="false"
122-->[androidx.work:work-runtime:2.9.1] AndroidManifest.xml:55:13-44
123            android:enabled="@bool/enable_system_foreground_service_default"
123-->[androidx.work:work-runtime:2.9.1] AndroidManifest.xml:56:13-77
124            android:exported="false" />
124-->[androidx.work:work-runtime:2.9.1] AndroidManifest.xml:57:13-37
125
126        <receiver
126-->[androidx.work:work-runtime:2.9.1] AndroidManifest.xml:61:9-66:35
127            android:name="androidx.work.impl.utils.ForceStopRunnable$BroadcastReceiver"
127-->[androidx.work:work-runtime:2.9.1] AndroidManifest.xml:62:13-88
128            android:directBootAware="false"
128-->[androidx.work:work-runtime:2.9.1] AndroidManifest.xml:63:13-44
129            android:enabled="true"
129-->[androidx.work:work-runtime:2.9.1] AndroidManifest.xml:64:13-35
130            android:exported="false" />
130-->[androidx.work:work-runtime:2.9.1] AndroidManifest.xml:65:13-37
131        <receiver
131-->[androidx.work:work-runtime:2.9.1] AndroidManifest.xml:67:9-77:20
132            android:name="androidx.work.impl.background.systemalarm.ConstraintProxy$BatteryChargingProxy"
132-->[androidx.work:work-runtime:2.9.1] AndroidManifest.xml:68:13-106
133            android:directBootAware="false"
133-->[androidx.work:work-runtime:2.9.1] AndroidManifest.xml:69:13-44
134            android:enabled="false"
134-->[androidx.work:work-runtime:2.9.1] AndroidManifest.xml:70:13-36
135            android:exported="false" >
135-->[androidx.work:work-runtime:2.9.1] AndroidManifest.xml:71:13-37
136            <intent-filter>
136-->[androidx.work:work-runtime:2.9.1] AndroidManifest.xml:73:13-76:29
137                <action android:name="android.intent.action.ACTION_POWER_CONNECTED" />
137-->[androidx.work:work-runtime:2.9.1] AndroidManifest.xml:74:17-87
137-->[androidx.work:work-runtime:2.9.1] AndroidManifest.xml:74:25-84
138                <action android:name="android.intent.action.ACTION_POWER_DISCONNECTED" />
138-->[androidx.work:work-runtime:2.9.1] AndroidManifest.xml:75:17-90
138-->[androidx.work:work-runtime:2.9.1] AndroidManifest.xml:75:25-87
139            </intent-filter>
140        </receiver>
141        <receiver
141-->[androidx.work:work-runtime:2.9.1] AndroidManifest.xml:78:9-88:20
142            android:name="androidx.work.impl.background.systemalarm.ConstraintProxy$BatteryNotLowProxy"
142-->[androidx.work:work-runtime:2.9.1] AndroidManifest.xml:79:13-104
143            android:directBootAware="false"
143-->[androidx.work:work-runtime:2.9.1] AndroidManifest.xml:80:13-44
144            android:enabled="false"
144-->[androidx.work:work-runtime:2.9.1] AndroidManifest.xml:81:13-36
145            android:exported="false" >
145-->[androidx.work:work-runtime:2.9.1] AndroidManifest.xml:82:13-37
146            <intent-filter>
146-->[androidx.work:work-runtime:2.9.1] AndroidManifest.xml:84:13-87:29
147                <action android:name="android.intent.action.BATTERY_OKAY" />
147-->[androidx.work:work-runtime:2.9.1] AndroidManifest.xml:85:17-77
147-->[androidx.work:work-runtime:2.9.1] AndroidManifest.xml:85:25-74
148                <action android:name="android.intent.action.BATTERY_LOW" />
148-->[androidx.work:work-runtime:2.9.1] AndroidManifest.xml:86:17-76
148-->[androidx.work:work-runtime:2.9.1] AndroidManifest.xml:86:25-73
149            </intent-filter>
150        </receiver>
151        <receiver
151-->[androidx.work:work-runtime:2.9.1] AndroidManifest.xml:89:9-99:20
152            android:name="androidx.work.impl.background.systemalarm.ConstraintProxy$StorageNotLowProxy"
152-->[androidx.work:work-runtime:2.9.1] AndroidManifest.xml:90:13-104
153            android:directBootAware="false"
153-->[androidx.work:work-runtime:2.9.1] AndroidManifest.xml:91:13-44
154            android:enabled="false"
154-->[androidx.work:work-runtime:2.9.1] AndroidManifest.xml:92:13-36
155            android:exported="false" >
155-->[androidx.work:work-runtime:2.9.1] AndroidManifest.xml:93:13-37
156            <intent-filter>
156-->[androidx.work:work-runtime:2.9.1] AndroidManifest.xml:95:13-98:29
157                <action android:name="android.intent.action.DEVICE_STORAGE_LOW" />
157-->[androidx.work:work-runtime:2.9.1] AndroidManifest.xml:96:17-83
157-->[androidx.work:work-runtime:2.9.1] AndroidManifest.xml:96:25-80
158                <action android:name="android.intent.action.DEVICE_STORAGE_OK" />
158-->[androidx.work:work-runtime:2.9.1] AndroidManifest.xml:97:17-82
158-->[androidx.work:work-runtime:2.9.1] AndroidManifest.xml:97:25-79
159            </intent-filter>
160        </receiver>
161        <receiver
161-->[androidx.work:work-runtime:2.9.1] AndroidManifest.xml:100:9-109:20
162            android:name="androidx.work.impl.background.systemalarm.ConstraintProxy$NetworkStateProxy"
162-->[androidx.work:work-runtime:2.9.1] AndroidManifest.xml:101:13-103
163            android:directBootAware="false"
163-->[androidx.work:work-runtime:2.9.1] AndroidManifest.xml:102:13-44
164            android:enabled="false"
164-->[androidx.work:work-runtime:2.9.1] AndroidManifest.xml:103:13-36
165            android:exported="false" >
165-->[androidx.work:work-runtime:2.9.1] AndroidManifest.xml:104:13-37
166            <intent-filter>
166-->[androidx.work:work-runtime:2.9.1] AndroidManifest.xml:106:13-108:29
167                <action android:name="android.net.conn.CONNECTIVITY_CHANGE" />
167-->[androidx.work:work-runtime:2.9.1] AndroidManifest.xml:107:17-79
167-->[androidx.work:work-runtime:2.9.1] AndroidManifest.xml:107:25-76
168            </intent-filter>
169        </receiver>
170        <receiver
170-->[androidx.work:work-runtime:2.9.1] AndroidManifest.xml:110:9-121:20
171            android:name="androidx.work.impl.background.systemalarm.RescheduleReceiver"
171-->[androidx.work:work-runtime:2.9.1] AndroidManifest.xml:111:13-88
172            android:directBootAware="false"
172-->[androidx.work:work-runtime:2.9.1] AndroidManifest.xml:112:13-44
173            android:enabled="false"
173-->[androidx.work:work-runtime:2.9.1] AndroidManifest.xml:113:13-36
174            android:exported="false" >
174-->[androidx.work:work-runtime:2.9.1] AndroidManifest.xml:114:13-37
175            <intent-filter>
175-->[androidx.work:work-runtime:2.9.1] AndroidManifest.xml:116:13-120:29
176                <action android:name="android.intent.action.BOOT_COMPLETED" />
176-->src\main\AndroidManifest.xml:51:17-79
176-->src\main\AndroidManifest.xml:51:25-76
177                <action android:name="android.intent.action.TIME_SET" />
177-->[androidx.work:work-runtime:2.9.1] AndroidManifest.xml:118:17-73
177-->[androidx.work:work-runtime:2.9.1] AndroidManifest.xml:118:25-70
178                <action android:name="android.intent.action.TIMEZONE_CHANGED" />
178-->[androidx.work:work-runtime:2.9.1] AndroidManifest.xml:119:17-81
178-->[androidx.work:work-runtime:2.9.1] AndroidManifest.xml:119:25-78
179            </intent-filter>
180        </receiver>
181        <receiver
181-->[androidx.work:work-runtime:2.9.1] AndroidManifest.xml:122:9-131:20
182            android:name="androidx.work.impl.background.systemalarm.ConstraintProxyUpdateReceiver"
182-->[androidx.work:work-runtime:2.9.1] AndroidManifest.xml:123:13-99
183            android:directBootAware="false"
183-->[androidx.work:work-runtime:2.9.1] AndroidManifest.xml:124:13-44
184            android:enabled="@bool/enable_system_alarm_service_default"
184-->[androidx.work:work-runtime:2.9.1] AndroidManifest.xml:125:13-72
185            android:exported="false" >
185-->[androidx.work:work-runtime:2.9.1] AndroidManifest.xml:126:13-37
186            <intent-filter>
186-->[androidx.work:work-runtime:2.9.1] AndroidManifest.xml:128:13-130:29
187                <action android:name="androidx.work.impl.background.systemalarm.UpdateProxies" />
187-->[androidx.work:work-runtime:2.9.1] AndroidManifest.xml:129:17-98
187-->[androidx.work:work-runtime:2.9.1] AndroidManifest.xml:129:25-95
188            </intent-filter>
189        </receiver>
190        <receiver
190-->[androidx.work:work-runtime:2.9.1] AndroidManifest.xml:132:9-142:20
191            android:name="androidx.work.impl.diagnostics.DiagnosticsReceiver"
191-->[androidx.work:work-runtime:2.9.1] AndroidManifest.xml:133:13-78
192            android:directBootAware="false"
192-->[androidx.work:work-runtime:2.9.1] AndroidManifest.xml:134:13-44
193            android:enabled="true"
193-->[androidx.work:work-runtime:2.9.1] AndroidManifest.xml:135:13-35
194            android:exported="true"
194-->[androidx.work:work-runtime:2.9.1] AndroidManifest.xml:136:13-36
195            android:permission="android.permission.DUMP" >
195-->[androidx.work:work-runtime:2.9.1] AndroidManifest.xml:137:13-57
196            <intent-filter>
196-->[androidx.work:work-runtime:2.9.1] AndroidManifest.xml:139:13-141:29
197                <action android:name="androidx.work.diagnostics.REQUEST_DIAGNOSTICS" />
197-->[androidx.work:work-runtime:2.9.1] AndroidManifest.xml:140:17-88
197-->[androidx.work:work-runtime:2.9.1] AndroidManifest.xml:140:25-85
198            </intent-filter>
199        </receiver>
200
201        <activity
201-->[androidx.compose.ui:ui-tooling-android:1.7.5] AndroidManifest.xml:23:9-25:39
202            android:name="androidx.compose.ui.tooling.PreviewActivity"
202-->[androidx.compose.ui:ui-tooling-android:1.7.5] AndroidManifest.xml:24:13-71
203            android:exported="true" />
203-->[androidx.compose.ui:ui-tooling-android:1.7.5] AndroidManifest.xml:25:13-36
204
205        <service
205-->[androidx.room:room-runtime:2.6.1] AndroidManifest.xml:24:9-28:63
206            android:name="androidx.room.MultiInstanceInvalidationService"
206-->[androidx.room:room-runtime:2.6.1] AndroidManifest.xml:25:13-74
207            android:directBootAware="true"
207-->[androidx.room:room-runtime:2.6.1] AndroidManifest.xml:26:13-43
208            android:exported="false" />
208-->[androidx.room:room-runtime:2.6.1] AndroidManifest.xml:27:13-37
209
210        <receiver
210-->[androidx.profileinstaller:profileinstaller:1.3.1] AndroidManifest.xml:34:9-52:20
211            android:name="androidx.profileinstaller.ProfileInstallReceiver"
211-->[androidx.profileinstaller:profileinstaller:1.3.1] AndroidManifest.xml:35:13-76
212            android:directBootAware="false"
212-->[androidx.profileinstaller:profileinstaller:1.3.1] AndroidManifest.xml:36:13-44
213            android:enabled="true"
213-->[androidx.profileinstaller:profileinstaller:1.3.1] AndroidManifest.xml:37:13-35
214            android:exported="true"
214-->[androidx.profileinstaller:profileinstaller:1.3.1] AndroidManifest.xml:38:13-36
215            android:permission="android.permission.DUMP" >
215-->[androidx.profileinstaller:profileinstaller:1.3.1] AndroidManifest.xml:39:13-57
216            <intent-filter>
216-->[androidx.profileinstaller:profileinstaller:1.3.1] AndroidManifest.xml:40:13-42:29
217                <action android:name="androidx.profileinstaller.action.INSTALL_PROFILE" />
217-->[androidx.profileinstaller:profileinstaller:1.3.1] AndroidManifest.xml:41:17-91
217-->[androidx.profileinstaller:profileinstaller:1.3.1] AndroidManifest.xml:41:25-88
218            </intent-filter>
219            <intent-filter>
219-->[androidx.profileinstaller:profileinstaller:1.3.1] AndroidManifest.xml:43:13-45:29
220                <action android:name="androidx.profileinstaller.action.SKIP_FILE" />
220-->[androidx.profileinstaller:profileinstaller:1.3.1] AndroidManifest.xml:44:17-85
220-->[androidx.profileinstaller:profileinstaller:1.3.1] AndroidManifest.xml:44:25-82
221            </intent-filter>
222            <intent-filter>
222-->[androidx.profileinstaller:profileinstaller:1.3.1] AndroidManifest.xml:46:13-48:29
223                <action android:name="androidx.profileinstaller.action.SAVE_PROFILE" />
223-->[androidx.profileinstaller:profileinstaller:1.3.1] AndroidManifest.xml:47:17-88
223-->[androidx.profileinstaller:profileinstaller:1.3.1] AndroidManifest.xml:47:25-85
224            </intent-filter>
225            <intent-filter>
225-->[androidx.profileinstaller:profileinstaller:1.3.1] AndroidManifest.xml:49:13-51:29
226                <action android:name="androidx.profileinstaller.action.BENCHMARK_OPERATION" />
226-->[androidx.profileinstaller:profileinstaller:1.3.1] AndroidManifest.xml:50:17-95
226-->[androidx.profileinstaller:profileinstaller:1.3.1] AndroidManifest.xml:50:25-92
227            </intent-filter>
228        </receiver>
229
230        <activity
230-->[com.journeyapps:zxing-android-embedded:4.3.0] AndroidManifest.xml:47:9-53:63
231            android:name="com.journeyapps.barcodescanner.CaptureActivity"
231-->[com.journeyapps:zxing-android-embedded:4.3.0] AndroidManifest.xml:48:13-74
232            android:clearTaskOnLaunch="true"
232-->[com.journeyapps:zxing-android-embedded:4.3.0] AndroidManifest.xml:49:13-45
233            android:screenOrientation="sensorLandscape"
233-->[com.journeyapps:zxing-android-embedded:4.3.0] AndroidManifest.xml:50:13-56
234            android:stateNotNeeded="true"
234-->[com.journeyapps:zxing-android-embedded:4.3.0] AndroidManifest.xml:51:13-42
235            android:theme="@style/zxing_CaptureTheme"
235-->[com.journeyapps:zxing-android-embedded:4.3.0] AndroidManifest.xml:52:13-54
236            android:windowSoftInputMode="stateAlwaysHidden" />
236-->[com.journeyapps:zxing-android-embedded:4.3.0] AndroidManifest.xml:53:13-60
237    </application>
238
239</manifest>